[22:17:42] [main/INFO] (FabricLoader/GameProvider) Loading Minecraft 1.21.5 with Fabric Loader 0.16.13
[22:17:43] [main/INFO] (FabricLoader) Loading 55 mods:
	- fabric-api 0.120.0+1.21.5
	- fabric-api-base 0.4.62+73a52b4b49
	- fabric-api-lookup-api-v1 1.6.95+86c3a9f149
	- fabric-biome-api-v1 16.0.7+2dd063df49
	- fabric-block-api-v1 1.0.37+86c3a9f149
	- fabric-block-view-api-v2 1.0.26+aa6d566c49
	- fabric-blockrenderlayer-v1 2.0.16+86c3a9f149
	- fabric-client-gametest-api-v1 4.1.11+3e6c1f7d49
	- fabric-client-tags-api-v1 1.1.37+86c3a9f149
	- fabric-command-api-v1 1.2.70+f71b366f49
	- fabric-command-api-v2 2.2.49+73a52b4b49
	- fabric-commands-v0 0.2.87+df3654b349
	- fabric-content-registries-v0 10.0.12+3e6c1f7d49
	- fabric-convention-tags-v1 2.1.29+7f945d5b49
	- fabric-convention-tags-v2 2.14.3+fca633a049
	- fabric-crash-report-info-v1 0.3.12+86c3a9f149
	- fabric-data-attachment-api-v1 1.6.7+3e6c1f7d49
	- fabric-data-generation-api-v1 22.3.4+3e6c1f7d49
	- fabric-dimensions-v1 4.0.17+3e6c1f7d49
	- fabric-entity-events-v1 2.0.25+27c1078f49
	- fabric-events-interaction-v0 4.0.13+73a52b4b49
	- fabric-game-rule-api-v1 1.0.70+c327076a49
	- fabric-gametest-api-v1 3.1.2+2a6ec84b49
	- fabric-item-api-v1 11.3.2+2ccdb6ef49
	- fabric-item-group-api-v1 4.2.8+3459fc6149
	- fabric-key-binding-api-v1 1.0.63+ecf51cdc49
	- fabric-keybindings-v0 0.2.61+df3654b349
	- fabric-lifecycle-events-v1 2.5.13+5cbce67349
	- fabric-loot-api-v2 3.0.47+3f89f5a549
	- fabric-loot-api-v3 1.0.35+86c3a9f149
	- fabric-message-api-v1 6.0.33+86c3a9f149
	- fabric-model-loading-api-v1 5.1.0+45c7c84849
	- fabric-networking-api-v1 4.4.0+f3ffa98949
	- fabric-object-builder-api-v1 21.0.0+7b20cbb049
	- fabric-particles-v1 4.1.0+ab7a462349
	- fabric-recipe-api-v1 8.1.6+052a85d049
	- fabric-registry-sync-v0 6.1.20+b556383249
	- fabric-renderer-api-v1 6.0.1+3e6c1f7d49
	- fabric-renderer-indigo 3.0.2+3e6c1f7d49
	- fabric-rendering-data-attachment-v1 0.3.64+73761d2e49
	- fabric-rendering-fluids-v1 3.1.27+86c3a9f149
	- fabric-rendering-v1 11.1.11+081cc04349
	- fabric-resource-conditions-api-v1 5.0.21+73a52b4b49
	- fabric-resource-loader-v0 3.1.6+02ca679649
	- fabric-screen-api-v1 2.0.46+86c3a9f149
	- fabric-screen-handler-api-v1 1.3.127+c327076a49
	- fabric-sound-api-v1 1.0.38+86c3a9f149
	- fabric-tag-api-v1 1.0.16+ecf51cdc49
	- fabric-transfer-api-v1 5.4.23+7b20cbb049
	- fabric-transitive-access-wideners-v1 6.3.17+f17a180c49
	- fabricloader 0.16.13
	- java 21
	- minecraft 1.21.5
	- mixinextras 0.4.1
	- thefrozenmod 1.0-SNAPSHOT
[22:17:43] [main/INFO] (FabricLoader/Mixin) SpongePowered MIXIN Subsystem Version=0.8.7 Source=file:/C:/Users/Andrew/.gradle/caches/modules-2/files-2.1/net.fabricmc/sponge-mixin/0.15.4+mixin.0.8.7/6a12aacc794f1078458433116e9ed42c1cc98096/sponge-mixin-0.15.4+mixin.0.8.7.jar Service=Knot/Fabric Env=CLIENT
[22:17:43] [main/INFO] (FabricLoader/Mixin) Loaded Fabric development mappings for mixin remapper!
[22:17:43] [main/INFO] (FabricLoader/Mixin) Compatibility level set to JAVA_21
[22:17:46] [main/INFO] (FabricLoader/MixinExtras|Service) Initializing MixinExtras via com.llamalad7.mixinextras.service.MixinExtrasServiceImpl(version=0.4.1).
[22:17:50] [Datafixer Bootstrap/INFO] (Minecraft) 263 Datafixer optimizations took 2789 milliseconds
[22:18:00] [Render thread/INFO] (Minecraft) Environment: Environment[sessionHost=https://sessionserver.mojang.com, servicesHost=https://api.minecraftservices.com, name=PROD]
[22:18:00] [Render thread/INFO] (Minecraft) Setting user: Player837
[22:18:00] [Render thread/INFO] (Indigo) [Indigo] Registering Indigo renderer!
[22:18:01] [Render thread/INFO] (Minecraft) Backend library: LWJGL version 3.3.3-snapshot
[22:18:02] [Render thread/INFO] (Minecraft) Using optional rendering extensions: GL_KHR_debug, GL_ARB_vertex_attrib_binding, GL_ARB_direct_state_access
[22:18:03] [Download-1/INFO] (Minecraft) Could not authorize you against Realms server: Invalid session id
[22:18:03] [Download-1/ERROR] (Minecraft) Failed to fetch Realms feature flags
net.minecraft.client.realms.exception.RealmsServiceException: Realms authentication error with message 'Invalid session id'
	at knot/net.minecraft.client.realms.RealmsClient.execute(RealmsClient.java:495) ~[minecraft-clientOnly-aefb5c6627-1.21.5-net.fabricmc.yarn.1_21_5.1.21.5+build.1-v2.jar:?]
	at knot/net.minecraft.client.realms.RealmsClient.fetchFeatureFlags(RealmsClient.java:177) ~[minecraft-clientOnly-aefb5c6627-1.21.5-net.fabricmc.yarn.1_21_5.1.21.5+build.1-v2.jar:?]
	at java.base/java.util.concurrent.CompletableFuture$AsyncSupply.run(CompletableFuture.java:1768) ~[?:?]
	at java.base/java.util.concurrent.ThreadPoolExecutor.runWorker(ThreadPoolExecutor.java:1144) ~[?:?]
	at java.base/java.util.concurrent.ThreadPoolExecutor$Worker.run(ThreadPoolExecutor.java:642) ~[?:?]
	at java.base/java.lang.Thread.run(Thread.java:1583) [?:?]
[22:18:03] [Render thread/INFO] (Minecraft) Reloading ResourceManager: vanilla, fabric, fabric-api, fabric-api-base, fabric-api-lookup-api-v1, fabric-biome-api-v1, fabric-block-api-v1, fabric-block-view-api-v2, fabric-blockrenderlayer-v1, fabric-client-gametest-api-v1, fabric-client-tags-api-v1, fabric-command-api-v1, fabric-command-api-v2, fabric-commands-v0, fabric-content-registries-v0, fabric-convention-tags-v1, fabric-convention-tags-v2, fabric-crash-report-info-v1, fabric-data-attachment-api-v1, fabric-data-generation-api-v1, fabric-dimensions-v1, fabric-entity-events-v1, fabric-events-interaction-v0, fabric-game-rule-api-v1, fabric-gametest-api-v1, fabric-item-api-v1, fabric-item-group-api-v1, fabric-key-binding-api-v1, fabric-keybindings-v0, fabric-lifecycle-events-v1, fabric-loot-api-v2, fabric-loot-api-v3, fabric-message-api-v1, fabric-model-loading-api-v1, fabric-networking-api-v1, fabric-object-builder-api-v1, fabric-particles-v1, fabric-recipe-api-v1, fabric-registry-sync-v0, fabric-renderer-api-v1, fabric-renderer-indigo, fabric-rendering-data-attachment-v1, fabric-rendering-fluids-v1, fabric-rendering-v1, fabric-resource-conditions-api-v1, fabric-resource-loader-v0, fabric-screen-api-v1, fabric-screen-handler-api-v1, fabric-sound-api-v1, fabric-tag-api-v1, fabric-transfer-api-v1, fabric-transitive-access-wideners-v1, fabricloader, thefrozenmod
[22:18:03] [Worker-Main-2/INFO] (Minecraft) Found unifont_all_no_pua-16.0.01.hex, loading
[22:18:04] [Worker-Main-9/INFO] (Minecraft) Found unifont_jp_patch-16.0.01.hex, loading
[22:18:05] [Render thread/WARN] (Minecraft) Found unknown and unsupported uniform Sampler2 in minecraft:pipeline/energy_swirl
[22:18:05] [Render thread/WARN] (Minecraft) Found unknown and unsupported uniform Sampler1 in minecraft:pipeline/energy_swirl
[22:18:05] [Render thread/WARN] (Minecraft) Found unknown and unsupported uniform Sampler1 in minecraft:pipeline/armor_translucent
[22:18:05] [Render thread/WARN] (Minecraft) Found unknown and unsupported uniform Sampler1 in minecraft:pipeline/breeze_wind
[22:18:05] [Render thread/WARN] (Minecraft) Found unknown and unsupported uniform Sampler1 in minecraft:pipeline/armor_cutout_no_cull
[22:18:05] [Render thread/WARN] (Minecraft) Found unknown and unsupported uniform Sampler1 in minecraft:pipeline/entity_no_outline
[22:18:05] [Render thread/WARN] (Minecraft) Found unknown and unsupported uniform Sampler2 in minecraft:pipeline/eyes
[22:18:05] [Render thread/WARN] (Minecraft) Found unknown and unsupported uniform Sampler1 in minecraft:pipeline/eyes
[22:18:05] [Render thread/WARN] (Minecraft) Found unknown and unsupported uniform Sampler1 in minecraft:pipeline/armor_decal_cutout_no_cull
[22:18:06] [Render thread/INFO] (Minecraft) OpenAL initialized on device OpenAL Soft on Speaker (Realtek(R) Audio)
[22:18:06] [Render thread/INFO] (Minecraft) Sound engine started
[22:18:06] [Render thread/INFO] (Minecraft) Created: 1024x512x4 minecraft:textures/atlas/blocks.png-atlas
[22:18:06] [Render thread/INFO] (Minecraft) Created: 256x256x4 minecraft:textures/atlas/signs.png-atlas
[22:18:06] [Render thread/INFO] (Minecraft) Created: 512x512x4 minecraft:textures/atlas/banner_patterns.png-atlas
[22:18:06] [Render thread/INFO] (Minecraft) Created: 512x512x4 minecraft:textures/atlas/shield_patterns.png-atlas
[22:18:06] [Render thread/INFO] (Minecraft) Created: 2048x1024x4 minecraft:textures/atlas/armor_trims.png-atlas
[22:18:06] [Render thread/INFO] (Minecraft) Created: 256x256x4 minecraft:textures/atlas/chest.png-atlas
[22:18:06] [Render thread/INFO] (Minecraft) Created: 128x64x4 minecraft:textures/atlas/decorated_pot.png-atlas
[22:18:06] [Render thread/INFO] (Minecraft) Created: 512x256x4 minecraft:textures/atlas/shulker_boxes.png-atlas
[22:18:06] [Render thread/INFO] (Minecraft) Created: 512x256x4 minecraft:textures/atlas/beds.png-atlas
[22:18:06] [Render thread/INFO] (Minecraft) Created: 64x64x0 minecraft:textures/atlas/map_decorations.png-atlas
[22:18:06] [Render thread/INFO] (Minecraft) Created: 512x256x0 minecraft:textures/atlas/particles.png-atlas
[22:18:06] [Render thread/INFO] (Minecraft) Created: 512x256x0 minecraft:textures/atlas/paintings.png-atlas
[22:18:06] [Render thread/INFO] (Minecraft) Created: 256x128x0 minecraft:textures/atlas/mob_effects.png-atlas
[22:18:06] [Render thread/INFO] (Minecraft) Created: 1024x512x0 minecraft:textures/atlas/gui.png-atlas
[22:18:13] [Render thread/INFO] (Minecraft) Loaded 1373 recipes
[22:18:13] [Render thread/INFO] (Minecraft) Loaded 1484 advancements
[22:18:14] [Render thread/INFO] (BiomeModificationImpl) Applied 0 biome modifications to 0 of 65 new biomes in 1.283 ms
[22:18:14] [Server thread/INFO] (Minecraft) Starting integrated minecraft server version 1.21.5
[22:18:14] [Server thread/INFO] (Minecraft) Generating keypair
[22:18:14] [Server thread/INFO] (Minecraft) Preparing start region for dimension minecraft:overworld
[22:18:15] [Render thread/INFO] (Minecraft) Preparing spawn area: 0%
[22:18:15] [Render thread/INFO] (Minecraft) Preparing spawn area: 0%
[22:18:15] [Render thread/INFO] (Minecraft) Time elapsed: 879 ms
[22:18:15] [Server thread/INFO] (Minecraft) Changing view distance to 2, from 10
[22:18:15] [Server thread/INFO] (Minecraft) Changing simulation distance to 5, from 0
[22:18:16] [Server thread/INFO] (Minecraft) Player837[local:E:df698d6e] logged in with entity id 8 at (362.30000001192093, 70.0, -15.699999988079071)
[22:18:16] [Server thread/INFO] (Minecraft) Player837 joined the game
[22:18:16] [Render thread/INFO] (Minecraft) Loaded 9 advancements
[22:18:19] [Render thread/INFO] (Minecraft) Loaded 29 advancements
[22:18:22] [Server thread/INFO] (Minecraft) Saving and pausing game...
[22:18:22] [Server thread/INFO] (Minecraft) Saving chunks for level 'ServerLevel[Test World]'/minecraft:overworld
[22:18:22] [Server thread/INFO] (Minecraft) Saving chunks for level 'ServerLevel[Test World]'/minecraft:the_end
[22:18:22] [Server thread/INFO] (Minecraft) Saving chunks for level 'ServerLevel[Test World]'/minecraft:the_nether
[22:18:26] [Server thread/INFO] (Minecraft) Saving and pausing game...
[22:18:26] [Server thread/INFO] (Minecraft) Saving chunks for level 'ServerLevel[Test World]'/minecraft:overworld
[22:18:26] [Server thread/INFO] (Minecraft) Saving chunks for level 'ServerLevel[Test World]'/minecraft:the_end
[22:18:26] [Server thread/INFO] (Minecraft) Saving chunks for level 'ServerLevel[Test World]'/minecraft:the_nether
[22:18:27] [Server thread/INFO] (Minecraft) Saving and pausing game...
[22:18:27] [Server thread/INFO] (Minecraft) Saving chunks for level 'ServerLevel[Test World]'/minecraft:overworld
[22:18:27] [Server thread/INFO] (Minecraft) Saving chunks for level 'ServerLevel[Test World]'/minecraft:the_end
[22:18:27] [Server thread/INFO] (Minecraft) Saving chunks for level 'ServerLevel[Test World]'/minecraft:the_nether
[22:18:28] [Server thread/INFO] (Minecraft) Player837 lost connection: Disconnected
[22:18:28] [Server thread/INFO] (Minecraft) Player837 left the game
[22:18:28] [Server thread/INFO] (Minecraft) Stopping singleplayer server as player logged out
[22:18:28] [Server thread/INFO] (Minecraft) Stopping server
[22:18:28] [Server thread/INFO] (Minecraft) Saving players
[22:18:28] [Server thread/INFO] (Minecraft) Saving worlds
[22:18:28] [Server thread/INFO] (Minecraft) Saving chunks for level 'ServerLevel[Test World]'/minecraft:overworld
[22:18:28] [Server thread/INFO] (Minecraft) Saving chunks for level 'ServerLevel[Test World]'/minecraft:the_end
[22:18:28] [Server thread/INFO] (Minecraft) Saving chunks for level 'ServerLevel[Test World]'/minecraft:the_nether
[22:18:28] [Server thread/INFO] (Minecraft) ThreadedAnvilChunkStorage (Test World): All chunks are saved
[22:18:28] [Server thread/INFO] (Minecraft) ThreadedAnvilChunkStorage (DIM1): All chunks are saved
[22:18:28] [Server thread/INFO] (Minecraft) ThreadedAnvilChunkStorage (DIM-1): All chunks are saved
[22:18:28] [Server thread/INFO] (Minecraft) ThreadedAnvilChunkStorage: All dimensions are saved
[22:18:31] [Render thread/INFO] (Minecraft) Stopping!
